warning: Tag 'TCL_SUBST' at line 270 of file '/github/workspace/.docs/Doxyfile' has become obsolete.
         To avoid this warning please remove this line from your configuration file or upgrade it using "doxygen -u"
warning: Tag 'CLANG_ASSISTED_PARSING' at line 1126 of file '/github/workspace/.docs/Doxyfile' belongs to an option that was not enabled at compile time.
         To avoid this warning please remove this line from your configuration file or upgrade it using "doxygen -u", or recompile doxygen with this feature enabled.
warning: Tag 'CLANG_OPTIONS' at line 1134 of file '/github/workspace/.docs/Doxyfile' belongs to an option that was not enabled at compile time.
         To avoid this warning please remove this line from your configuration file or upgrade it using "doxygen -u", or recompile doxygen with this feature enabled.
warning: Tag 'CLANG_DATABASE_PATH' at line 1144 of file '/github/workspace/.docs/Doxyfile' belongs to an option that was not enabled at compile time.
         To avoid this warning please remove this line from your configuration file or upgrade it using "doxygen -u", or recompile doxygen with this feature enabled.
warning: Tag 'COLS_IN_ALPHA_INDEX' at line 1162 of file '/github/workspace/.docs/Doxyfile' has become obsolete.
         To avoid this warning please remove this line from your configuration file or upgrade it using "doxygen -u"
Doxygen version used: 1.9.1
Searching for include files...
Searching for example files...
Searching for images...
Searching for dot files...
Searching for msc files...
Searching for dia files...
Searching for files to exclude
Searching INPUT for files to process...
Searching for files in directory /github/workspace/Runtime
Searching for files in directory /github/workspace/Tests
Reading and parsing tag files
Parsing files
Preprocessing /github/workspace/Runtime/RuntimeCode.cs...
Parsing file /github/workspace/Runtime/RuntimeCode.cs...
Preprocessing /github/workspace/Tests/TestTests.cs...
Parsing file /github/workspace/Tests/TestTests.cs...
Building macro definition list...
Building group list...
Building directory list...
Building namespace list...
Building file list...
Building class list...
Computing nesting relations for classes...
Associating documentation with classes...
Building example list...
Searching for enumerations...
Searching for documented typedefs...
Searching for members imported via using declarations...
Searching for included using directives...
/github/workspace/Runtime/RuntimeCode.cs:5: warning: Compound TestPackage::Runtime::SomeRuntimeCode is not documented.
/github/workspace/Tests/TestTests.cs:9: warning: Compound TestPackage::Tests::TestTests is not documented.
Searching for documented variables...
Building interface member list...
Building member list...
Searching for friends...
Searching for documented defines...
Computing class inheritance relations...
Computing class usage relations...
Flushing cached template relations that have become invalid...
Computing class relations...
Add enum values to enums...
Searching for member function documentation...
Creating members for template instances...
Building page list...
Search for main page...
Computing page relations...
Determining the scope of groups...
Sorting lists...
Determining which enums are documented
Computing member relations...
Building full member lists recursively...
Adding members to member groups.
Computing member references...
Inheriting documentation...
Generating disk names...
Adding source references...
Adding xrefitems...
Sorting member lists...
Setting anonymous enum type...
Computing dependencies between directories...
Generating citations page...
Counting members...
Counting data structures...
Resolving user defined references...
/github/workspace/Tests/TestTests.cs:13: warning: Member TestTestsSimplePasses() (function) of class TestPackage::Tests::TestTests is not documented.
/github/workspace/Tests/TestTests.cs:20: warning: Member TestTestsWithEnumeratorPasses() (function) of class TestPackage::Tests::TestTests is not documented.
Finding anchors and sections in the documentation...
Transferring function references...
Combining using relations...
Adding members to index pages...
Correcting members for VHDL...
Computing tooltip texts...
Generating style sheet...
Generating search indices...
Generating example documentation...
Generating file sources...
Generating file documentation...
Generating page documentation...
Generating group documentation...
Generating class documentation...
Generating namespace index...
Generating docs for namespace TestPackage
Generating docs for namespace TestPackage::Runtime
Generating docs for compound TestPackage::Runtime::SomeRuntimeCode...
Generating docs for namespace TestPackage::Tests
Generating docs for compound TestPackage::Tests::TestTests...
Generating graph info page...
Generating directory documentation...
Generating index page...
Generating page index...
Generating module index...
Generating namespace index...
Generating namespace member index...
Generating annotated compound index...
Generating alphabetical compound index...
Generating hierarchical class index...
Generating graphical class hierarchy...
Generating member index...
Generating file index...
Generating file member index...
Generating example index...
finalizing index lists...
writing tag file...
Running plantuml with JAVA...
Running dot...
Generating dot graphs using 3 parallel threads...
Running dot for graph 1/5
Running dot for graph 2/5
Running dot for graph 3/5
Running dot for graph 4/5
Running dot for graph 5/5
Patching output file 1/2
Patching output file 2/2
lookup cache used 2/65536 hits=0 misses=8
finished...
